<?xml version="1.0" encoding="UTF-8"?>
<!-- Generated by org.testng.reporters.JUnitReportReporter -->
<testsuite hostname="ARSHIA-PC" failures="0" tests="2" name="qaclickacademy.AppiumTest" time="0.008" errors="0" timestamp="26 Jun 2019 10:17:02 GMT" skipped="0">
  <testcase classname="qaclickacademy.AppiumTest" name="NativeAppAndroid" time="0.003"/>
  <testcase classname="qaclickacademy.AppiumTest" name="IOSApps" time="0.005"/>
</testsuite> <!-- qaclickacademy.AppiumTest -->
