<?xml version="1.0" encoding="UTF-8"?>
<!-- Generated by org.testng.reporters.JUnitReportReporter -->
<testsuite hostname="ARSHIA-PC" failures="0" tests="2" name="qaclickacademy.SeleniumTest" time="0.021" errors="0" timestamp="26 Jun 2019 10:17:02 GMT" skipped="0">
  <testcase classname="qaclickacademy.SeleniumTest" name="BrowserAutomation" time="0.017"/>
  <testcase classname="qaclickacademy.SeleniumTest" name="elementsUI" time="0.004"/>
</testsuite> <!-- qaclickacademy.SeleniumTest -->
