<?xml version="1.0" encoding="UTF-8"?>
<!-- Generated by org.testng.reporters.JUnitReportReporter -->
<testsuite hostname="ARSHIA-PC" failures="0" tests="2" name="qaclickacademy.RESTAPITest" time="0.009" errors="0" timestamp="26 Jun 2019 10:17:02 GMT" skipped="0">
  <testcase classname="qaclickacademy.RESTAPITest" name="deleteTwitter" time="0.003"/>
  <testcase classname="qaclickacademy.RESTAPITest" name="postJira" time="0.006"/>
</testsuite> <!-- qaclickacademy.RESTAPITest -->
