<?xml version="1.0" encoding="UTF-8"?>
<!-- Generated by org.testng.reporters.JUnitReportReporter -->
<testsuite hostname="ARSHIA-PC" name="qaclickacademy.AppiumTest" tests="2" failures="0" timestamp="27 Jun 2019 05:47:06 GMT" time="0.008" errors="0">
  <testcase name="NativeAppAndroid" time="0.002" classname="qaclickacademy.AppiumTest"/>
  <testcase name="IOSApps" time="0.006" classname="qaclickacademy.AppiumTest"/>
</testsuite> <!-- qaclickacademy.AppiumTest -->
